Release 14.7 - xst P.20131013 (nt64)
Copyright (c) 1995-2013 Xilinx, Inc.  All rights reserved.
--> Parameter TMPDIR set to xst/projnav.tmp


Total REAL time to Xst completion: 0.00 secs
Total CPU time to Xst completion: 0.11 secs
 
--> Parameter xsthdpdir set to xst


Total REAL time to Xst completion: 0.00 secs
Total CPU time to Xst completion: 0.11 secs
 
--> Reading design: Data_Flow.prj

TABLE OF CONTENTS
  1) Synthesis Options Summary
  2) HDL Parsing
  3) HDL Elaboration
  4) HDL Synthesis
       4.1) HDL Synthesis Report
  5) Advanced HDL Synthesis
       5.1) Advanced HDL Synthesis Report
  6) Low Level Synthesis
  7) Partition Report
  8) Design Summary
       8.1) Primitive and Black Box Usage
       8.2) Device utilization summary
       8.3) Partition Resource Summary
       8.4) Timing Report
            8.4.1) Clock Information
            8.4.2) Asynchronous Control Signals Information
            8.4.3) Timing Summary
            8.4.4) Timing Details
            8.4.5) Cross Clock Domains Report


=========================================================================
*                      Synthesis Options Summary                        *
=========================================================================
---- Source Parameters
Input File Name                    : "Data_Flow.prj"
Ignore Synthesis Constraint File   : NO

---- Target Parameters
Output File Name                   : "Data_Flow"
Output Format                      : NGC
Target Device                      : xc6slx45-3-csg484

---- Source Options
Top Module Name                    : Data_Flow
Automatic FSM Extraction           : YES
FSM Encoding Algorithm             : Auto
Safe Implementation                : No
FSM Style                          : LUT
RAM Extraction                     : Yes
RAM Style                          : Auto
ROM Extraction                     : Yes
Shift Register Extraction          : YES
ROM Style                          : Auto
Resource Sharing                   : YES
Asynchronous To Synchronous        : NO
Shift Register Minimum Size        : 2
Use DSP Block                      : Auto
Automatic Register Balancing       : No

---- Target Options
LUT Combining                      : Auto
Reduce Control Sets                : Auto
Add IO Buffers                     : YES
Global Maximum Fanout              : 100000
Add Generic Clock Buffer(BUFG)     : 16
Register Duplication               : YES
Optimize Instantiated Primitives   : NO
Use Clock Enable                   : Auto
Use Synchronous Set                : Auto
Use Synchronous Reset              : Auto
Pack IO Registers into IOBs        : Auto
Equivalent register Removal        : YES

---- General Options
Optimization Goal                  : Speed
Optimization Effort                : 1
Power Reduction                    : NO
Keep Hierarchy                     : No
Netlist Hierarchy                  : As_Optimized
RTL Output                         : Yes
Global Optimization                : AllClockNets
Read Cores                         : YES
Write Timing Constraints           : NO
Cross Clock Analysis               : NO
Hierarchy Separator                : /
Bus Delimiter                      : <>
Case Specifier                     : Maintain
Slice Utilization Ratio            : 100
BRAM Utilization Ratio             : 100
DSP48 Utilization Ratio            : 100
Auto BRAM Packing                  : NO
Slice Utilization Ratio Delta      : 5

=========================================================================


=========================================================================
*                          HDL Parsing                                  *
=========================================================================
Analyzing Verilog file "C:\Users\yx654\Desktop\MUX32_2_1_File\MUX32_2_1.v" into library work
Parsing module <MUX32_2_1>.
Analyzing Verilog file "C:\Users\yx654\Desktop\MUX32_2_1_File\Left_2_Shifter.v" into library work
Parsing module <Left_2_Shifter>.
Analyzing Verilog file "C:\Users\yx654\Desktop\MUX32_2_1_File\Control.v" into library work
Parsing module <Control>.
Analyzing Verilog file "C:\Users\yx654\Desktop\MUX32_2_1_File\ALUop.v" into library work
Parsing module <ALUop>.
Analyzing Verilog file "C:\Users\yx654\Desktop\MUX32_2_1_File\ADD32.v" into library work
Parsing module <ADD32>.
Analyzing Verilog file "C:\Users\yx654\Desktop\MUX32_2_1_File\Sign_Extender.v" into library work
Parsing module <Sign_Extender>.
Analyzing Verilog file "C:\Users\yx654\Desktop\MUX32_2_1_File\RegFile.v" into library work
Parsing module <RegFile>.
Analyzing Verilog file "C:\Users\yx654\Desktop\MUX32_2_1_File\MUX5_2_1.v" into library work
Parsing module <MUX5_2_1>.
Analyzing Verilog file "C:\Users\yx654\Desktop\MUX32_2_1_File\Fetch.v" into library work
Parsing module <Fetch>.
Analyzing Verilog file "C:\Users\yx654\Desktop\MUX32_2_1_File\Control_Unit.v" into library work
Parsing module <Control_Unit>.
Analyzing Verilog file "C:\Users\yx654\Desktop\MUX32_2_1_File\ALU.v" into library work
Parsing module <ALU>.
Analyzing Verilog file "C:\Users\yx654\Desktop\MUX32_2_1_File\Data_Flow.v" into library work
Parsing module <Data_Flow>.

=========================================================================
*                            HDL Elaboration                            *
=========================================================================

Elaborating module <Data_Flow>.

Elaborating module <Fetch>.

Elaborating module <Left_2_Shifter>.

Elaborating module <ADD32>.

Elaborating module <MUX32_2_1>.

Elaborating module <Control_Unit>.

Elaborating module <Control>.

Elaborating module <ALUop>.

Elaborating module <ALU>.

Elaborating module <RegFile>.

Elaborating module <MUX5_2_1>.

Elaborating module <Sign_Extender>.

=========================================================================
*                           HDL Synthesis                               *
=========================================================================

Synthesizing Unit <Data_Flow>.
    Related source file is "C:\Users\yx654\Desktop\MUX32_2_1_File\Data_Flow.v".
    Summary:
	no macro.
Unit <Data_Flow> synthesized.

Synthesizing Unit <Fetch>.
    Related source file is "C:\Users\yx654\Desktop\MUX32_2_1_File\Fetch.v".
    Found 32-bit register for signal <PC>.
    Summary:
	inferred  32 D-type flip-flop(s).
Unit <Fetch> synthesized.

Synthesizing Unit <Left_2_Shifter>.
    Related source file is "C:\Users\yx654\Desktop\MUX32_2_1_File\Left_2_Shifter.v".
WARNING:Xst:647 - Input <d<31:30>> is never used. This port will be preserved and left unconnected if it belongs to a top-level block or it belongs to a sub-block and the hierarchy of this sub-block is preserved.
    Summary:
	no macro.
Unit <Left_2_Shifter> synthesized.

Synthesizing Unit <ADD32>.
    Related source file is "C:\Users\yx654\Desktop\MUX32_2_1_File\ADD32.v".
    Found 32-bit adder for signal <C> created at line 26.
    Summary:
	inferred   1 Adder/Subtractor(s).
Unit <ADD32> synthesized.

Synthesizing Unit <MUX32_2_1>.
    Related source file is "C:\Users\yx654\Desktop\MUX32_2_1_File\MUX32_2_1.v".
    Summary:
	inferred   1 Multiplexer(s).
Unit <MUX32_2_1> synthesized.

Synthesizing Unit <Control_Unit>.
    Related source file is "C:\Users\yx654\Desktop\MUX32_2_1_File\Control_Unit.v".
    Summary:
	no macro.
Unit <Control_Unit> synthesized.

Synthesizing Unit <Control>.
    Related source file is "C:\Users\yx654\Desktop\MUX32_2_1_File\Control.v".
    Summary:
	no macro.
Unit <Control> synthesized.

Synthesizing Unit <ALUop>.
    Related source file is "C:\Users\yx654\Desktop\MUX32_2_1_File\ALUop.v".
WARNING:Xst:647 - Input <func<5:3>> is never used. This port will be preserved and left unconnected if it belongs to a top-level block or it belongs to a sub-block and the hierarchy of this sub-block is preserved.
    Summary:
	no macro.
Unit <ALUop> synthesized.

Synthesizing Unit <ALU>.
    Related source file is "C:\Users\yx654\Desktop\MUX32_2_1_File\ALU.v".
    Found 32-bit subtractor for signal <A[31]_B[31]_sub_4_OUT> created at line 29.
    Found 32-bit adder for signal <A[31]_B[31]_add_1_OUT> created at line 28.
    Found 32-bit 6-to-1 multiplexer for signal <Result> created at line 24.
    Summary:
	inferred   1 Adder/Subtractor(s).
	inferred  10 Multiplexer(s).
Unit <ALU> synthesized.

Synthesizing Unit <RegFile>.
    Related source file is "C:\Users\yx654\Desktop\MUX32_2_1_File\RegFile.v".
    Found 32x32-bit dual-port RAM <Mram_Register> for signal <Register>.
    Summary:
	inferred   2 RAM(s).
	inferred   2 Multiplexer(s).
Unit <RegFile> synthesized.

Synthesizing Unit <MUX5_2_1>.
    Related source file is "C:\Users\yx654\Desktop\MUX32_2_1_File\MUX5_2_1.v".
    Summary:
	inferred   1 Multiplexer(s).
Unit <MUX5_2_1> synthesized.

Synthesizing Unit <Sign_Extender>.
    Related source file is "C:\Users\yx654\Desktop\MUX32_2_1_File\Sign_Extender.v".
    Summary:
	no macro.
Unit <Sign_Extender> synthesized.

=========================================================================
HDL Synthesis Report

Macro Statistics
# RAMs                                                 : 2
 32x32-bit dual-port RAM                               : 2
# Adders/Subtractors                                   : 3
 32-bit adder                                          : 2
 32-bit addsub                                         : 1
# Registers                                            : 1
 32-bit register                                       : 1
# Multiplexers                                         : 16
 32-bit 2-to-1 multiplexer                             : 15
 5-bit 2-to-1 multiplexer                              : 1
# Xors                                                 : 1
 32-bit xor2                                           : 1

=========================================================================
INFO:Xst:1767 - HDL ADVISOR - Resource sharing has identified that some arithmetic operations in this design can share the same physical resources for reduced device utilization. For improved clock frequency you may try to disable resource sharing.

=========================================================================
*                       Advanced HDL Synthesis                          *
=========================================================================


Synthesizing (advanced) Unit <RegFile>.
INFO:Xst:3218 - HDL ADVISOR - The RAM <Mram_Register> will be implemented on LUTs either because you have described an asynchronous read or because of currently unsupported block RAM features. If you have described an asynchronous read, making it synchronous would allow you to take advantage of available block RAM resources, for optimized device usage and improved timings. Please refer to your documentation for coding guidelines.
    -----------------------------------------------------------------------
    | ram_type           | Distributed                         |          |
    -----------------------------------------------------------------------
    | Port A                                                              |
    |     aspect ratio   | 32-word x 32-bit                    |          |
    |     clkA           | connected to signal <Clock>         | rise     |
    |     weA            | connected to internal node          | high     |
    |     addrA          | connected to signal <Wn>            |          |
    |     diA            | connected to signal <Wd>            |          |
    -----------------------------------------------------------------------
    | Port B                                                              |
    |     aspect ratio   | 32-word x 32-bit                    |          |
    |     addrB          | connected to signal <Rn1>           |          |
    |     doB            | connected to internal node          |          |
    -----------------------------------------------------------------------
INFO:Xst:3218 - HDL ADVISOR - The RAM <Mram_Register1> will be implemented on LUTs either because you have described an asynchronous read or because of currently unsupported block RAM features. If you have described an asynchronous read, making it synchronous would allow you to take advantage of available block RAM resources, for optimized device usage and improved timings. Please refer to your documentation for coding guidelines.
    -----------------------------------------------------------------------
    | ram_type           | Distributed                         |          |
    -----------------------------------------------------------------------
    | Port A                                                              |
    |     aspect ratio   | 32-word x 32-bit                    |          |
    |     clkA           | connected to signal <Clock>         | rise     |
    |     weA            | connected to internal node          | high     |
    |     addrA          | connected to signal <Wn>            |          |
    |     diA            | connected to signal <Wd>            |          |
    -----------------------------------------------------------------------
    | Port B                                                              |
    |     aspect ratio   | 32-word x 32-bit                    |          |
    |     addrB          | connected to signal <Rn2>           |          |
    |     doB            | connected to internal node          |          |
    -----------------------------------------------------------------------
Unit <RegFile> synthesized (advanced).

=========================================================================
Advanced HDL Synthesis Report

Macro Statistics
# RAMs                                                 : 2
 32x32-bit dual-port distributed RAM                   : 2
# Adders/Subtractors                                   : 3
 32-bit adder                                          : 2
 32-bit addsub                                         : 1
# Registers                                            : 32
 Flip-Flops                                            : 32
# Multiplexers                                         : 16
 32-bit 2-to-1 multiplexer                             : 15
 5-bit 2-to-1 multiplexer                              : 1
# Xors                                                 : 1
 32-bit xor2                                           : 1

=========================================================================

=========================================================================
*                         Low Level Synthesis                           *
=========================================================================
WARNING:Xst:1710 - FF/Latch <PC_0> (without init value) has a constant value of 0 in block <Fetch>. This FF/Latch will be trimmed during the optimization process.
WARNING:Xst:1895 - Due to other FF/Latch trimming, FF/Latch <PC_1> (without init value) has a constant value of 0 in block <Fetch>. This FF/Latch will be trimmed during the optimization process.

Optimizing unit <Data_Flow> ...

Optimizing unit <Fetch> ...

Optimizing unit <RegFile> ...

Optimizing unit <ALU> ...

Mapping all equations...
Building and optimizing final netlist ...
Found area constraint ratio of 100 (+ 5) on block Data_Flow, actual ratio is 1.

Final Macro Processing ...

=========================================================================
Final Register Report

Macro Statistics
# Registers                                            : 30
 Flip-Flops                                            : 30

=========================================================================

=========================================================================
*                           Partition Report                            *
=========================================================================

Partition Implementation Status
-------------------------------

  No Partitions were found in this design.

-------------------------------

=========================================================================
*                            Design Summary                             *
=========================================================================

Top Level Output File Name         : Data_Flow.ngc

Primitive and Black Box Usage:
------------------------------
# BELS                             : 475
#      GND                         : 1
#      INV                         : 2
#      LUT1                        : 29
#      LUT2                        : 33
#      LUT3                        : 35
#      LUT4                        : 32
#      LUT5                        : 8
#      LUT6                        : 153
#      MUXCY                       : 89
#      VCC                         : 1
#      XORCY                       : 92
# FlipFlops/Latches                : 30
#      FDC                         : 30
# RAMS                             : 14
#      RAM32M                      : 10
#      RAM32X1D                    : 4
# Clock Buffers                    : 1
#      BUFGP                       : 1
# IO Buffers                       : 163
#      IBUF                        : 65
#      OBUF                        : 98

Device utilization summary:
---------------------------

Selected Device : 6slx45csg484-3 


Slice Logic Utilization: 
 Number of Slice Registers:              30  out of  54576     0%  
 Number of Slice LUTs:                  340  out of  27288     1%  
    Number used as Logic:               292  out of  27288     1%  
    Number used as Memory:               48  out of   6408     0%  
       Number used as RAM:               48

Slice Logic Distribution: 
 Number of LUT Flip Flop pairs used:    340
   Number with an unused Flip Flop:     310  out of    340    91%  
   Number with an unused LUT:             0  out of    340     0%  
   Number of fully used LUT-FF pairs:    30  out of    340     8%  
   Number of unique control sets:         1

IO Utilization: 
 Number of IOs:                         164
 Number of bonded IOBs:                 164  out of    320    51%  

Specific Feature Utilization:
 Number of BUFG/BUFGCTRLs:                1  out of     16     6%  

---------------------------
Partition Resource Summary:
---------------------------

  No Partitions were found in this design.

---------------------------


=========================================================================
Timing Report

NOTE: THESE TIMING NUMBERS ARE ONLY A SYNTHESIS ESTIMATE.
      FOR ACCURATE TIMING INFORMATION PLEASE REFER TO THE TRACE REPORT
      GENERATED AFTER PLACE-and-ROUTE.

Clock Information:
------------------
-----------------------------------+------------------------+-------+
Clock Signal                       | Clock buffer(FF name)  | Load  |
-----------------------------------+------------------------+-------+
Clock                              | BUFGP                  | 44    |
-----------------------------------+------------------------+-------+

Asynchronous Control Signals Information:
----------------------------------------
No asynchronous control signals found in this design

Timing Summary:
---------------
Speed Grade: -3

   Minimum period: 6.838ns (Maximum Frequency: 146.238MHz)
   Minimum input arrival time before clock: 11.086ns
   Maximum output required time after clock: 6.764ns
   Maximum combinational path delay: 11.012ns

Timing Details:
---------------
All values displayed in nanoseconds (ns)

=========================================================================
Timing constraint: Default period analysis for Clock 'Clock'
  Clock period: 6.838ns (frequency: 146.238MHz)
  Total number of paths / destination ports: 83648 / 94
-------------------------------------------------------------------------
Delay:               6.838ns (Levels of Logic = 22)
  Source:            U3/Mram_Register11 (RAM)
  Destination:       U0/PC_25 (FF)
  Source Clock:      Clock rising
  Destination Clock: Clock rising

  Data Path: U3/Mram_Register11 to U0/PC_25
                                Gate     Net
    Cell:in->out      fanout   Delay   Delay  Logical Name (Net Name)
    ----------------------------------------  ------------
     RAM32M:WCLK->DOA0     2   0.910   0.617  U3/Mram_Register11 (U3/Rn2[4]_read_port_4_OUT<0>)
     LUT6:I5->O            4   0.205   0.684  U5/Mmux_O11 (ALU_B<0>)
     LUT5:I4->O            1   0.205   0.000  U2/Mmux_Result5_rs_lut<0> (U2/Mmux_Result5_rs_lut<0>)
     MUXCY:S->O            1   0.172   0.000  U2/Mmux_Result5_rs_cy<0> (U2/Mmux_Result5_rs_cy<0>)
     MUXCY:CI->O           1   0.019   0.000  U2/Mmux_Result5_rs_cy<1> (U2/Mmux_Result5_rs_cy<1>)
     MUXCY:CI->O           1   0.019   0.000  U2/Mmux_Result5_rs_cy<2> (U2/Mmux_Result5_rs_cy<2>)
     MUXCY:CI->O           1   0.019   0.000  U2/Mmux_Result5_rs_cy<3> (U2/Mmux_Result5_rs_cy<3>)
     MUXCY:CI->O           1   0.019   0.000  U2/Mmux_Result5_rs_cy<4> (U2/Mmux_Result5_rs_cy<4>)
     MUXCY:CI->O           1   0.019   0.000  U2/Mmux_Result5_rs_cy<5> (U2/Mmux_Result5_rs_cy<5>)
     MUXCY:CI->O           1   0.019   0.000  U2/Mmux_Result5_rs_cy<6> (U2/Mmux_Result5_rs_cy<6>)
     MUXCY:CI->O           1   0.019   0.000  U2/Mmux_Result5_rs_cy<7> (U2/Mmux_Result5_rs_cy<7>)
     MUXCY:CI->O           1   0.019   0.000  U2/Mmux_Result5_rs_cy<8> (U2/Mmux_Result5_rs_cy<8>)
     MUXCY:CI->O           1   0.019   0.000  U2/Mmux_Result5_rs_cy<9> (U2/Mmux_Result5_rs_cy<9>)
     MUXCY:CI->O           1   0.019   0.000  U2/Mmux_Result5_rs_cy<10> (U2/Mmux_Result5_rs_cy<10>)
     MUXCY:CI->O           1   0.019   0.000  U2/Mmux_Result5_rs_cy<11> (U2/Mmux_Result5_rs_cy<11>)
     MUXCY:CI->O           1   0.019   0.000  U2/Mmux_Result5_rs_cy<12> (U2/Mmux_Result5_rs_cy<12>)
     MUXCY:CI->O           1   0.019   0.000  U2/Mmux_Result5_rs_cy<13> (U2/Mmux_Result5_rs_cy<13>)
     MUXCY:CI->O           1   0.019   0.000  U2/Mmux_Result5_rs_cy<14> (U2/Mmux_Result5_rs_cy<14>)
     MUXCY:CI->O           1   0.019   0.000  U2/Mmux_Result5_rs_cy<15> (U2/Mmux_Result5_rs_cy<15>)
     XORCY:CI->O           3   0.180   1.015  U2/Mmux_Result5_rs_xor<16> (Result_16_OBUF)
     LUT6:I0->O            2   0.203   0.845  U0/sel4 (U0/sel4)
     LUT6:I3->O           16   0.205   1.005  U0/sel7 (U0/sel)
     LUT3:I2->O            1   0.205   0.000  U0/M1/Mmux_O210 (U0/Next_PC<10>)
     FDC:D                     0.102          U0/PC_10
    ----------------------------------------
    Total                      6.838ns (2.672ns logic, 4.166ns route)
                                       (39.1% logic, 60.9% route)

=========================================================================
Timing constraint: Default OFFSET IN BEFORE for Clock 'Clock'
  Total number of paths / destination ports: 1662131 / 228
-------------------------------------------------------------------------
Offset:              11.086ns (Levels of Logic = 24)
  Source:            Inst<31> (PAD)
  Destination:       U0/PC_25 (FF)
  Destination Clock: Clock rising

  Data Path: Inst<31> to U0/PC_25
                                Gate     Net
    Cell:in->out      fanout   Delay   Delay  Logical Name (Net Name)
    ----------------------------------------  ------------
     IBUF:I->O            68   1.222   1.914  Inst_31_IBUF (Inst_31_IBUF)
     LUT6:I2->O            8   0.203   1.147  U1/U0/out1 (U1/U0/n0000)
     LUT6:I1->O           63   0.203   1.978  U1/U1/ALU_op<1>1 (ALU_op<1>)
     LUT5:I0->O            1   0.203   0.000  U2/Mmux_Result5_rs_lut<0> (U2/Mmux_Result5_rs_lut<0>)
     MUXCY:S->O            1   0.172   0.000  U2/Mmux_Result5_rs_cy<0> (U2/Mmux_Result5_rs_cy<0>)
     MUXCY:CI->O           1   0.019   0.000  U2/Mmux_Result5_rs_cy<1> (U2/Mmux_Result5_rs_cy<1>)
     MUXCY:CI->O           1   0.019   0.000  U2/Mmux_Result5_rs_cy<2> (U2/Mmux_Result5_rs_cy<2>)
     MUXCY:CI->O           1   0.019   0.000  U2/Mmux_Result5_rs_cy<3> (U2/Mmux_Result5_rs_cy<3>)
     MUXCY:CI->O           1   0.019   0.000  U2/Mmux_Result5_rs_cy<4> (U2/Mmux_Result5_rs_cy<4>)
     MUXCY:CI->O           1   0.019   0.000  U2/Mmux_Result5_rs_cy<5> (U2/Mmux_Result5_rs_cy<5>)
     MUXCY:CI->O           1   0.019   0.000  U2/Mmux_Result5_rs_cy<6> (U2/Mmux_Result5_rs_cy<6>)
     MUXCY:CI->O           1   0.019   0.000  U2/Mmux_Result5_rs_cy<7> (U2/Mmux_Result5_rs_cy<7>)
     MUXCY:CI->O           1   0.019   0.000  U2/Mmux_Result5_rs_cy<8> (U2/Mmux_Result5_rs_cy<8>)
     MUXCY:CI->O           1   0.019   0.000  U2/Mmux_Result5_rs_cy<9> (U2/Mmux_Result5_rs_cy<9>)
     MUXCY:CI->O           1   0.019   0.000  U2/Mmux_Result5_rs_cy<10> (U2/Mmux_Result5_rs_cy<10>)
     MUXCY:CI->O           1   0.019   0.000  U2/Mmux_Result5_rs_cy<11> (U2/Mmux_Result5_rs_cy<11>)
     MUXCY:CI->O           1   0.019   0.000  U2/Mmux_Result5_rs_cy<12> (U2/Mmux_Result5_rs_cy<12>)
     MUXCY:CI->O           1   0.019   0.000  U2/Mmux_Result5_rs_cy<13> (U2/Mmux_Result5_rs_cy<13>)
     MUXCY:CI->O           1   0.019   0.000  U2/Mmux_Result5_rs_cy<14> (U2/Mmux_Result5_rs_cy<14>)
     MUXCY:CI->O           1   0.019   0.000  U2/Mmux_Result5_rs_cy<15> (U2/Mmux_Result5_rs_cy<15>)
     XORCY:CI->O           3   0.180   1.015  U2/Mmux_Result5_rs_xor<16> (Result_16_OBUF)
     LUT6:I0->O            2   0.203   0.845  U0/sel4 (U0/sel4)
     LUT6:I3->O           16   0.205   1.005  U0/sel7 (U0/sel)
     LUT3:I2->O            1   0.205   0.000  U0/M1/Mmux_O210 (U0/Next_PC<10>)
     FDC:D                     0.102          U0/PC_10
    ----------------------------------------
    Total                     11.086ns (3.183ns logic, 7.903ns route)
                                       (28.7% logic, 71.3% route)

=========================================================================
Timing constraint: Default OFFSET OUT AFTER for Clock 'Clock'
  Total number of paths / destination ports: 2366 / 94
-------------------------------------------------------------------------
Offset:              6.764ns (Levels of Logic = 35)
  Source:            U3/Mram_Register11 (RAM)
  Destination:       Result<31> (PAD)
  Source Clock:      Clock rising

  Data Path: U3/Mram_Register11 to Result<31>
                                Gate     Net
    Cell:in->out      fanout   Delay   Delay  Logical Name (Net Name)
    ----------------------------------------  ------------
     RAM32M:WCLK->DOA0     2   0.910   0.617  U3/Mram_Register11 (U3/Rn2[4]_read_port_4_OUT<0>)
     LUT6:I5->O            4   0.205   0.684  U5/Mmux_O11 (ALU_B<0>)
     LUT5:I4->O            1   0.205   0.000  U2/Mmux_Result5_rs_lut<0> (U2/Mmux_Result5_rs_lut<0>)
     MUXCY:S->O            1   0.172   0.000  U2/Mmux_Result5_rs_cy<0> (U2/Mmux_Result5_rs_cy<0>)
     MUXCY:CI->O           1   0.019   0.000  U2/Mmux_Result5_rs_cy<1> (U2/Mmux_Result5_rs_cy<1>)
     MUXCY:CI->O           1   0.019   0.000  U2/Mmux_Result5_rs_cy<2> (U2/Mmux_Result5_rs_cy<2>)
     MUXCY:CI->O           1   0.019   0.000  U2/Mmux_Result5_rs_cy<3> (U2/Mmux_Result5_rs_cy<3>)
     MUXCY:CI->O           1   0.019   0.000  U2/Mmux_Result5_rs_cy<4> (U2/Mmux_Result5_rs_cy<4>)
     MUXCY:CI->O           1   0.019   0.000  U2/Mmux_Result5_rs_cy<5> (U2/Mmux_Result5_rs_cy<5>)
     MUXCY:CI->O           1   0.019   0.000  U2/Mmux_Result5_rs_cy<6> (U2/Mmux_Result5_rs_cy<6>)
     MUXCY:CI->O           1   0.019   0.000  U2/Mmux_Result5_rs_cy<7> (U2/Mmux_Result5_rs_cy<7>)
     MUXCY:CI->O           1   0.019   0.000  U2/Mmux_Result5_rs_cy<8> (U2/Mmux_Result5_rs_cy<8>)
     MUXCY:CI->O           1   0.019   0.000  U2/Mmux_Result5_rs_cy<9> (U2/Mmux_Result5_rs_cy<9>)
     MUXCY:CI->O           1   0.019   0.000  U2/Mmux_Result5_rs_cy<10> (U2/Mmux_Result5_rs_cy<10>)
     MUXCY:CI->O           1   0.019   0.000  U2/Mmux_Result5_rs_cy<11> (U2/Mmux_Result5_rs_cy<11>)
     MUXCY:CI->O           1   0.019   0.000  U2/Mmux_Result5_rs_cy<12> (U2/Mmux_Result5_rs_cy<12>)
     MUXCY:CI->O           1   0.019   0.000  U2/Mmux_Result5_rs_cy<13> (U2/Mmux_Result5_rs_cy<13>)
     MUXCY:CI->O           1   0.019   0.000  U2/Mmux_Result5_rs_cy<14> (U2/Mmux_Result5_rs_cy<14>)
     MUXCY:CI->O           1   0.019   0.000  U2/Mmux_Result5_rs_cy<15> (U2/Mmux_Result5_rs_cy<15>)
     MUXCY:CI->O           1   0.019   0.000  U2/Mmux_Result5_rs_cy<16> (U2/Mmux_Result5_rs_cy<16>)
     MUXCY:CI->O           1   0.019   0.000  U2/Mmux_Result5_rs_cy<17> (U2/Mmux_Result5_rs_cy<17>)
     MUXCY:CI->O           1   0.019   0.000  U2/Mmux_Result5_rs_cy<18> (U2/Mmux_Result5_rs_cy<18>)
     MUXCY:CI->O           1   0.019   0.000  U2/Mmux_Result5_rs_cy<19> (U2/Mmux_Result5_rs_cy<19>)
     MUXCY:CI->O           1   0.019   0.000  U2/Mmux_Result5_rs_cy<20> (U2/Mmux_Result5_rs_cy<20>)
     MUXCY:CI->O           1   0.019   0.000  U2/Mmux_Result5_rs_cy<21> (U2/Mmux_Result5_rs_cy<21>)
     MUXCY:CI->O           1   0.019   0.000  U2/Mmux_Result5_rs_cy<22> (U2/Mmux_Result5_rs_cy<22>)
     MUXCY:CI->O           1   0.019   0.000  U2/Mmux_Result5_rs_cy<23> (U2/Mmux_Result5_rs_cy<23>)
     MUXCY:CI->O           1   0.019   0.000  U2/Mmux_Result5_rs_cy<24> (U2/Mmux_Result5_rs_cy<24>)
     MUXCY:CI->O           1   0.019   0.000  U2/Mmux_Result5_rs_cy<25> (U2/Mmux_Result5_rs_cy<25>)
     MUXCY:CI->O           1   0.019   0.000  U2/Mmux_Result5_rs_cy<26> (U2/Mmux_Result5_rs_cy<26>)
     MUXCY:CI->O           1   0.019   0.000  U2/Mmux_Result5_rs_cy<27> (U2/Mmux_Result5_rs_cy<27>)
     MUXCY:CI->O           1   0.019   0.000  U2/Mmux_Result5_rs_cy<28> (U2/Mmux_Result5_rs_cy<28>)
     MUXCY:CI->O           1   0.019   0.000  U2/Mmux_Result5_rs_cy<29> (U2/Mmux_Result5_rs_cy<29>)
     MUXCY:CI->O           0   0.019   0.000  U2/Mmux_Result5_rs_cy<30> (U2/Mmux_Result5_rs_cy<30>)
     XORCY:CI->O           3   0.180   0.650  U2/Mmux_Result5_rs_xor<31> (Result_31_OBUF)
     OBUF:I->O                 2.571          Result_31_OBUF (Result<31>)
    ----------------------------------------
    Total                      6.764ns (4.813ns logic, 1.951ns route)
                                       (71.2% logic, 28.8% route)

=========================================================================
Timing constraint: Default path analysis
  Total number of paths / destination ports: 52054 / 66
-------------------------------------------------------------------------
Delay:               11.012ns (Levels of Logic = 37)
  Source:            Inst<31> (PAD)
  Destination:       Result<31> (PAD)

  Data Path: Inst<31> to Result<31>
                                Gate     Net
    Cell:in->out      fanout   Delay   Delay  Logical Name (Net Name)
    ----------------------------------------  ------------
     IBUF:I->O            68   1.222   1.914  Inst_31_IBUF (Inst_31_IBUF)
     LUT6:I2->O            8   0.203   1.147  U1/U0/out1 (U1/U0/n0000)
     LUT6:I1->O           63   0.203   1.978  U1/U1/ALU_op<1>1 (ALU_op<1>)
     LUT5:I0->O            1   0.203   0.000  U2/Mmux_Result5_rs_lut<0> (U2/Mmux_Result5_rs_lut<0>)
     MUXCY:S->O            1   0.172   0.000  U2/Mmux_Result5_rs_cy<0> (U2/Mmux_Result5_rs_cy<0>)
     MUXCY:CI->O           1   0.019   0.000  U2/Mmux_Result5_rs_cy<1> (U2/Mmux_Result5_rs_cy<1>)
     MUXCY:CI->O           1   0.019   0.000  U2/Mmux_Result5_rs_cy<2> (U2/Mmux_Result5_rs_cy<2>)
     MUXCY:CI->O           1   0.019   0.000  U2/Mmux_Result5_rs_cy<3> (U2/Mmux_Result5_rs_cy<3>)
     MUXCY:CI->O           1   0.019   0.000  U2/Mmux_Result5_rs_cy<4> (U2/Mmux_Result5_rs_cy<4>)
     MUXCY:CI->O           1   0.019   0.000  U2/Mmux_Result5_rs_cy<5> (U2/Mmux_Result5_rs_cy<5>)
     MUXCY:CI->O           1   0.019   0.000  U2/Mmux_Result5_rs_cy<6> (U2/Mmux_Result5_rs_cy<6>)
     MUXCY:CI->O           1   0.019   0.000  U2/Mmux_Result5_rs_cy<7> (U2/Mmux_Result5_rs_cy<7>)
     MUXCY:CI->O           1   0.019   0.000  U2/Mmux_Result5_rs_cy<8> (U2/Mmux_Result5_rs_cy<8>)
     MUXCY:CI->O           1   0.019   0.000  U2/Mmux_Result5_rs_cy<9> (U2/Mmux_Result5_rs_cy<9>)
     MUXCY:CI->O           1   0.019   0.000  U2/Mmux_Result5_rs_cy<10> (U2/Mmux_Result5_rs_cy<10>)
     MUXCY:CI->O           1   0.019   0.000  U2/Mmux_Result5_rs_cy<11> (U2/Mmux_Result5_rs_cy<11>)
     MUXCY:CI->O           1   0.019   0.000  U2/Mmux_Result5_rs_cy<12> (U2/Mmux_Result5_rs_cy<12>)
     MUXCY:CI->O           1   0.019   0.000  U2/Mmux_Result5_rs_cy<13> (U2/Mmux_Result5_rs_cy<13>)
     MUXCY:CI->O           1   0.019   0.000  U2/Mmux_Result5_rs_cy<14> (U2/Mmux_Result5_rs_cy<14>)
     MUXCY:CI->O           1   0.019   0.000  U2/Mmux_Result5_rs_cy<15> (U2/Mmux_Result5_rs_cy<15>)
     MUXCY:CI->O           1   0.019   0.000  U2/Mmux_Result5_rs_cy<16> (U2/Mmux_Result5_rs_cy<16>)
     MUXCY:CI->O           1   0.019   0.000  U2/Mmux_Result5_rs_cy<17> (U2/Mmux_Result5_rs_cy<17>)
     MUXCY:CI->O           1   0.019   0.000  U2/Mmux_Result5_rs_cy<18> (U2/Mmux_Result5_rs_cy<18>)
     MUXCY:CI->O           1   0.019   0.000  U2/Mmux_Result5_rs_cy<19> (U2/Mmux_Result5_rs_cy<19>)
     MUXCY:CI->O           1   0.019   0.000  U2/Mmux_Result5_rs_cy<20> (U2/Mmux_Result5_rs_cy<20>)
     MUXCY:CI->O           1   0.019   0.000  U2/Mmux_Result5_rs_cy<21> (U2/Mmux_Result5_rs_cy<21>)
     MUXCY:CI->O           1   0.019   0.000  U2/Mmux_Result5_rs_cy<22> (U2/Mmux_Result5_rs_cy<22>)
     MUXCY:CI->O           1   0.019   0.000  U2/Mmux_Result5_rs_cy<23> (U2/Mmux_Result5_rs_cy<23>)
     MUXCY:CI->O           1   0.019   0.000  U2/Mmux_Result5_rs_cy<24> (U2/Mmux_Result5_rs_cy<24>)
     MUXCY:CI->O           1   0.019   0.000  U2/Mmux_Result5_rs_cy<25> (U2/Mmux_Result5_rs_cy<25>)
     MUXCY:CI->O           1   0.019   0.000  U2/Mmux_Result5_rs_cy<26> (U2/Mmux_Result5_rs_cy<26>)
     MUXCY:CI->O           1   0.019   0.000  U2/Mmux_Result5_rs_cy<27> (U2/Mmux_Result5_rs_cy<27>)
     MUXCY:CI->O           1   0.019   0.000  U2/Mmux_Result5_rs_cy<28> (U2/Mmux_Result5_rs_cy<28>)
     MUXCY:CI->O           1   0.019   0.000  U2/Mmux_Result5_rs_cy<29> (U2/Mmux_Result5_rs_cy<29>)
     MUXCY:CI->O           0   0.019   0.000  U2/Mmux_Result5_rs_cy<30> (U2/Mmux_Result5_rs_cy<30>)
     XORCY:CI->O           3   0.180   0.650  U2/Mmux_Result5_rs_xor<31> (Result_31_OBUF)
     OBUF:I->O                 2.571          Result_31_OBUF (Result<31>)
    ----------------------------------------
    Total                     11.012ns (5.324ns logic, 5.688ns route)
                                       (48.3% logic, 51.7% route)

=========================================================================

Cross Clock Domains Report:
--------------------------

Clock to Setup on destination clock Clock
---------------+---------+---------+---------+---------+
               | Src:Rise| Src:Fall| Src:Rise| Src:Fall|
Source Clock   |Dest:Rise|Dest:Rise|Dest:Fall|Dest:Fall|
---------------+---------+---------+---------+---------+
Clock          |    6.838|         |         |         |
---------------+---------+---------+---------+---------+

=========================================================================


Total REAL time to Xst completion: 6.00 secs
Total CPU time to Xst completion: 6.39 secs
 
--> 

Total memory usage is 297604 kilobytes

Number of errors   :    0 (   0 filtered)
Number of warnings :    4 (   0 filtered)
Number of infos    :    3 (   0 filtered)

