Running: C:\Xilinx\14.7\ISE_DS\ISE\bin\nt64\unwrapped\fuse.exe -intstyle ise -incremental -lib unisims_ver -lib unimacro_ver -lib xilinxcorelib_ver -lib secureip -o C:/Users/yx654/Desktop/MUX32_2_1_File/Mainboard1_tb_isim_beh.exe -prj C:/Users/yx654/Desktop/MUX32_2_1_File/Mainboard1_tb_beh.prj work.Mainboard1_tb work.glbl 
ISim P.20131013 (signature 0x7708f090)
Number of CPUs detected in this system: 4
Turning on mult-threading, number of parallel sub-compilation jobs: 8 
Determining compilation order of HDL files
Analyzing Verilog file "C:/Users/yx654/Desktop/MUX32_2_1_File/MUX32_2_1.v" into library work
Analyzing Verilog file "C:/Users/yx654/Desktop/MUX32_2_1_File/Left_2_Shifter.v" into library work
Analyzing Verilog file "C:/Users/yx654/Desktop/MUX32_2_1_File/Control.v" into library work
Analyzing Verilog file "C:/Users/yx654/Desktop/MUX32_2_1_File/ALUop.v" into library work
Analyzing Verilog file "C:/Users/yx654/Desktop/MUX32_2_1_File/ADD32.v" into library work
Analyzing Verilog file "C:/Users/yx654/Desktop/MUX32_2_1_File/Sign_Extender.v" into library work
Analyzing Verilog file "C:/Users/yx654/Desktop/MUX32_2_1_File/RegFile.v" into library work
Analyzing Verilog file "C:/Users/yx654/Desktop/MUX32_2_1_File/MUX5_2_1.v" into library work
Analyzing Verilog file "C:/Users/yx654/Desktop/MUX32_2_1_File/Fetch.v" into library work
Analyzing Verilog file "C:/Users/yx654/Desktop/MUX32_2_1_File/Control_Unit.v" into library work
Analyzing Verilog file "C:/Users/yx654/Desktop/MUX32_2_1_File/ALU.v" into library work
Analyzing Verilog file "C:/Users/yx654/Desktop/MUX32_2_1_File/Inst_mem.v" into library work
Analyzing Verilog file "C:/Users/yx654/Desktop/MUX32_2_1_File/Data_mem.v" into library work
Analyzing Verilog file "C:/Users/yx654/Desktop/MUX32_2_1_File/Data_Flow.v" into library work
Analyzing Verilog file "C:/Users/yx654/Desktop/MUX32_2_1_File/Mainboard.v" into library work
Analyzing Verilog file "C:/Users/yx654/Desktop/MUX32_2_1_File/Mainboard1_tb.v" into library work
Analyzing Verilog file "C:/Xilinx/14.7/ISE_DS/ISE//verilog/src/glbl.v" into library work
Starting static elaboration
Completed static elaboration
Compiling module Left_2_Shifter
Compiling module ADD32
Compiling module MUX32_2_1
Compiling module Fetch
Compiling module Control
Compiling module ALUop
Compiling module Control_Unit
Compiling module ALU
Compiling module RegFile
Compiling module MUX5_2_1
Compiling module Sign_Extender
Compiling module Data_Flow
Compiling module Inst_mem
Compiling module Data_mem
Compiling module Mainboard
Compiling module Mainboard1_tb
Compiling module glbl
Time Resolution for simulation is 1ps.
Waiting for 10 sub-compilation(s) to finish...
Compiled 17 Verilog Units
Built simulation executable C:/Users/yx654/Desktop/MUX32_2_1_File/Mainboard1_tb_isim_beh.exe
Fuse Memory Usage: 28640 KB
Fuse CPU Usage: 514 ms
