  CompilersEX.cpp
c:\users\yx654\documents\visual studio 2017\projects\compilersex\compilersex\compilersex.cpp(167): warning C4996: 'strcat': This function or variable may be unsafe. Consider using strcat_s instead. To disable deprecation, use _CRT_SECURE_NO_WARNINGS. See online help for details.
  c:\program files (x86)\windows kits\10\include\10.0.15063.0\ucrt\string.h(93): note: 参见“strcat”的声明
c:\users\yx654\documents\visual studio 2017\projects\compilersex\compilersex\compilersex.cpp(169): warning C4996: 'strcat': This function or variable may be unsafe. Consider using strcat_s instead. To disable deprecation, use _CRT_SECURE_NO_WARNINGS. See online help for details.
  c:\program files (x86)\windows kits\10\include\10.0.15063.0\ucrt\string.h(93): note: 参见“strcat”的声明
c:\users\yx654\documents\visual studio 2017\projects\compilersex\compilersex\compilersex.cpp(170): warning C4996: 'strcat': This function or variable may be unsafe. Consider using strcat_s instead. To disable deprecation, use _CRT_SECURE_NO_WARNINGS. See online help for details.
  c:\program files (x86)\windows kits\10\include\10.0.15063.0\ucrt\string.h(93): note: 参见“strcat”的声明
c:\users\yx654\documents\visual studio 2017\projects\compilersex\compilersex\compilersex.cpp(173): warning C4996: 'strcat': This function or variable may be unsafe. Consider using strcat_s instead. To disable deprecation, use _CRT_SECURE_NO_WARNINGS. See online help for details.
  c:\program files (x86)\windows kits\10\include\10.0.15063.0\ucrt\string.h(93): note: 参见“strcat”的声明
c:\users\yx654\documents\visual studio 2017\projects\compilersex\compilersex\compilersex.cpp(175): warning C4996: 'strcat': This function or variable may be unsafe. Consider using strcat_s instead. To disable deprecation, use _CRT_SECURE_NO_WARNINGS. See online help for details.
  c:\program files (x86)\windows kits\10\include\10.0.15063.0\ucrt\string.h(93): note: 参见“strcat”的声明
c:\users\yx654\documents\visual studio 2017\projects\compilersex\compilersex\compilersex.cpp(176): warning C4996: 'strcat': This function or variable may be unsafe. Consider using strcat_s instead. To disable deprecation, use _CRT_SECURE_NO_WARNINGS. See online help for details.
  c:\program files (x86)\windows kits\10\include\10.0.15063.0\ucrt\string.h(93): note: 参见“strcat”的声明
c:\users\yx654\documents\visual studio 2017\projects\compilersex\compilersex\compilersex.cpp(179): warning C4996: 'strcat': This function or variable may be unsafe. Consider using strcat_s instead. To disable deprecation, use _CRT_SECURE_NO_WARNINGS. See online help for details.
  c:\program files (x86)\windows kits\10\include\10.0.15063.0\ucrt\string.h(93): note: 参见“strcat”的声明
c:\users\yx654\documents\visual studio 2017\projects\compilersex\compilersex\compilersex.cpp(181): warning C4996: 'strcat': This function or variable may be unsafe. Consider using strcat_s instead. To disable deprecation, use _CRT_SECURE_NO_WARNINGS. See online help for details.
  c:\program files (x86)\windows kits\10\include\10.0.15063.0\ucrt\string.h(93): note: 参见“strcat”的声明
c:\users\yx654\documents\visual studio 2017\projects\compilersex\compilersex\compilersex.cpp(182): warning C4996: 'strcat': This function or variable may be unsafe. Consider using strcat_s instead. To disable deprecation, use _CRT_SECURE_NO_WARNINGS. See online help for details.
  c:\program files (x86)\windows kits\10\include\10.0.15063.0\ucrt\string.h(93): note: 参见“strcat”的声明
c:\users\yx654\documents\visual studio 2017\projects\compilersex\compilersex\compilersex.cpp(185): warning C4996: 'strcat': This function or variable may be unsafe. Consider using strcat_s instead. To disable deprecation, use _CRT_SECURE_NO_WARNINGS. See online help for details.
  c:\program files (x86)\windows kits\10\include\10.0.15063.0\ucrt\string.h(93): note: 参见“strcat”的声明
c:\users\yx654\documents\visual studio 2017\projects\compilersex\compilersex\compilersex.cpp(187): warning C4996: 'strcat': This function or variable may be unsafe. Consider using strcat_s instead. To disable deprecation, use _CRT_SECURE_NO_WARNINGS. See online help for details.
  c:\program files (x86)\windows kits\10\include\10.0.15063.0\ucrt\string.h(93): note: 参见“strcat”的声明
c:\users\yx654\documents\visual studio 2017\projects\compilersex\compilersex\compilersex.cpp(188): warning C4996: 'strcat': This function or variable may be unsafe. Consider using strcat_s instead. To disable deprecation, use _CRT_SECURE_NO_WARNINGS. See online help for details.
  c:\program files (x86)\windows kits\10\include\10.0.15063.0\ucrt\string.h(93): note: 参见“strcat”的声明
c:\users\yx654\documents\visual studio 2017\projects\compilersex\compilersex\compilersex.cpp(190): warning C4996: 'fopen': This function or variable may be unsafe. Consider using fopen_s instead. To disable deprecation, use _CRT_SECURE_NO_WARNINGS. See online help for details.
  c:\program files (x86)\windows kits\10\include\10.0.15063.0\ucrt\stdio.h(207): note: 参见“fopen”的声明
c:\users\yx654\documents\visual studio 2017\projects\compilersex\compilersex\compilersex.cpp(199): warning C4996: 'strcpy': This function or variable may be unsafe. Consider using strcpy_s instead. To disable deprecation, use _CRT_SECURE_NO_WARNINGS. See online help for details.
  c:\program files (x86)\windows kits\10\include\10.0.15063.0\ucrt\string.h(136): note: 参见“strcpy”的声明
c:\users\yx654\documents\visual studio 2017\projects\compilersex\compilersex\compilersex.cpp(213): warning C4996: 'strncpy': This function or variable may be unsafe. Consider using strncpy_s instead. To disable deprecation, use _CRT_SECURE_NO_WARNINGS. See online help for details.
  c:\program files (x86)\windows kits\10\include\10.0.15063.0\ucrt\string.h(343): note: 参见“strncpy”的声明
c:\users\yx654\documents\visual studio 2017\projects\compilersex\compilersex\compilersex.cpp(218): warning C4996: 'strncpy': This function or variable may be unsafe. Consider using strncpy_s instead. To disable deprecation, use _CRT_SECURE_NO_WARNINGS. See online help for details.
  c:\program files (x86)\windows kits\10\include\10.0.15063.0\ucrt\string.h(343): note: 参见“strncpy”的声明
c:\users\yx654\documents\visual studio 2017\projects\compilersex\compilersex\compilersex.cpp(220): warning C4996: 'strcpy': This function or variable may be unsafe. Consider using strcpy_s instead. To disable deprecation, use _CRT_SECURE_NO_WARNINGS. See online help for details.
  c:\program files (x86)\windows kits\10\include\10.0.15063.0\ucrt\string.h(136): note: 参见“strcpy”的声明
c:\users\yx654\documents\visual studio 2017\projects\compilersex\compilersex\compilersex.cpp(301): warning C4996: 'strncpy': This function or variable may be unsafe. Consider using strncpy_s instead. To disable deprecation, use _CRT_SECURE_NO_WARNINGS. See online help for details.
  c:\program files (x86)\windows kits\10\include\10.0.15063.0\ucrt\string.h(343): note: 参见“strncpy”的声明
c:\users\yx654\documents\visual studio 2017\projects\compilersex\compilersex\compilersex.cpp(303): warning C4996: 'strcpy': This function or variable may be unsafe. Consider using strcpy_s instead. To disable deprecation, use _CRT_SECURE_NO_WARNINGS. See online help for details.
  c:\program files (x86)\windows kits\10\include\10.0.15063.0\ucrt\string.h(136): note: 参见“strcpy”的声明
c:\users\yx654\documents\visual studio 2017\projects\compilersex\compilersex\compilersex.cpp(312): warning C4996: 'strncpy': This function or variable may be unsafe. Consider using strncpy_s instead. To disable deprecation, use _CRT_SECURE_NO_WARNINGS. See online help for details.
  c:\program files (x86)\windows kits\10\include\10.0.15063.0\ucrt\string.h(343): note: 参见“strncpy”的声明
c:\users\yx654\documents\visual studio 2017\projects\compilersex\compilersex\compilersex.cpp(314): warning C4996: 'strncpy': This function or variable may be unsafe. Consider using strncpy_s instead. To disable deprecation, use _CRT_SECURE_NO_WARNINGS. See online help for details.
  c:\program files (x86)\windows kits\10\include\10.0.15063.0\ucrt\string.h(343): note: 参见“strncpy”的声明
c:\users\yx654\documents\visual studio 2017\projects\compilersex\compilersex\compilersex.cpp(471): warning C4996: 'strcpy': This function or variable may be unsafe. Consider using strcpy_s instead. To disable deprecation, use _CRT_SECURE_NO_WARNINGS. See online help for details.
  c:\program files (x86)\windows kits\10\include\10.0.15063.0\ucrt\string.h(136): note: 参见“strcpy”的声明
c:\users\yx654\documents\visual studio 2017\projects\compilersex\compilersex\compilersex.cpp(472): warning C4996: 'strcpy': This function or variable may be unsafe. Consider using strcpy_s instead. To disable deprecation, use _CRT_SECURE_NO_WARNINGS. See online help for details.
  c:\program files (x86)\windows kits\10\include\10.0.15063.0\ucrt\string.h(136): note: 参见“strcpy”的声明
c:\users\yx654\documents\visual studio 2017\projects\compilersex\compilersex\compilersex.cpp(555): warning C4996: 'strcpy': This function or variable may be unsafe. Consider using strcpy_s instead. To disable deprecation, use _CRT_SECURE_NO_WARNINGS. See online help for details.
  c:\program files (x86)\windows kits\10\include\10.0.15063.0\ucrt\string.h(136): note: 参见“strcpy”的声明
  CompilersEx.vcxproj -> C:\Users\yx654\Documents\Visual Studio 2017\Projects\CompilersEx\Debug\CompilersEx.exe
  CompilersEx.vcxproj -> C:\Users\yx654\Documents\Visual Studio 2017\Projects\CompilersEx\Debug\CompilersEx.pdb (Partial PDB)
